<?xml version="1.0" encoding="UTF-8"?>
<testsuite xmlns:xsi="http://www.w3.org/2001/XMLSchema-instance" xsi:noNamespaceSchemaLocation="https://maven.apache.org/surefire/maven-surefire-plugin/xsd/surefire-test-report.xsd" name="iHoover.core.AspiratorTest" time="0.011" tests="13" errors="0" skipped="0" failures="0">
  <properties>
[...]
</properties>
  <testcase name="moveAE" classname="iHoover.core.AspiratorTest" time="0.004"/>
  <testcase name="moveAN" classname="iHoover.core.AspiratorTest" time="0"/>
  <testcase name="moveAS" classname="iHoover.core.AspiratorTest" time="0"/>
  <testcase name="moveAW" classname="iHoover.core.AspiratorTest" time="0"/>
  <testcase name="move" classname="iHoover.core.AspiratorTest" time="0"/>
  <testcase name="testMoveDNE" classname="iHoover.core.AspiratorTest" time="0"/>
  <testcase name="moveDES" classname="iHoover.core.AspiratorTest" time="0"/>
  <testcase name="moveDSW" classname="iHoover.core.AspiratorTest" time="0.001"/>
  <testcase name="moveDWN" classname="iHoover.core.AspiratorTest" time="0"/>
  <testcase name="moveGEN" classname="iHoover.core.AspiratorTest" time="0"/>
  <testcase name="moveGNW" classname="iHoover.core.AspiratorTest" time="0.001"/>
  <testcase name="moveGSE" classname="iHoover.core.AspiratorTest" time="0"/>
  <testcase name="moveGWS" classname="iHoover.core.AspiratorTest" time="0"/>
</testsuite>